0 info it worked if it ends with ok
1 verbose cli [ 'node', '/usr/local/bin/npm', 'install', '-g', '.' ]
2 info using npm@1.2.18
3 info using node@v0.10.4
4 verbose read json /usr/local/lib/package.json
5 verbose read json /usr/local/lib/package.json
6 verbose cache add [ '.', null ]
7 verbose cache add name=undefined spec="." args=[".",null]
8 verbose parsed url { protocol: null,
8 verbose parsed url   slashes: null,
8 verbose parsed url   auth: null,
8 verbose parsed url   host: null,
8 verbose parsed url   port: null,
8 verbose parsed url   hostname: null,
8 verbose parsed url   hash: null,
8 verbose parsed url   search: null,
8 verbose parsed url   query: null,
8 verbose parsed url   pathname: '.',
8 verbose parsed url   path: '.',
8 verbose parsed url   href: '.' }
9 silly lockFile 3a52ce78- .
10 verbose lock . /Users/robksawyer/.npm/3a52ce78-.lock
11 verbose read json package.json
12 silly lockFile 3a52ce78- .
13 silly lockFile 3a52ce78- .
14 error addLocal Could not install .
15 error Failed to parse json
15 error Unexpected token <
16 error File: package.json
17 error Failed to parse package.json data.
17 error package.json must be actual JSON, not just JavaScript.
17 error
17 error This is not a bug in npm.
17 error Tell the package author to fix their package.json file. JSON.parse
18 error System Darwin 12.3.0
19 error command "node" "/usr/local/bin/npm" "install" "-g" "."
20 error cwd /Users/robksawyer/Sites/experiments/generator-durandal
21 error node -v v0.10.4
22 error npm -v 1.2.18
23 error file package.json
24 error code EJSONPARSE
25 verbose exit [ 1, true ]
